<?xml version="1.0" encoding="utf-8"?><testsuites><testsuite name="pytest" errors="0" failures="0" skipped="0" tests="4" time="0.848" timestamp="2025-11-03T15:04:06.883275" hostname="INSML-7FGPNP3"><testcase classname="test_app" name="test_home" time="0.046" /><testcase classname="test_app" name="test_add_workout_success" time="0.015" /><testcase classname="test_app" name="test_add_workout_missing_fields" time="0.006" /><testcase classname="test_app" name="test_add_workout_invalid_duration" time="0.006" /></testsuite></testsuites>